{
  "RSpec": {
    "coverage": {
      "/Users/lucasdevelopment/turing/3module/new_project_api_spike/config/environment.rb": [
        null,
        1,
        null,
        null,
        1
      ],
      "/Users/lucasdevelopment/turing/3module/new_project_api_spike/config/application.rb": [
        1,
        null,
        1,
        null,
        1,
        1,
        1,
        1,
        1,
        1,
        1,
        1,
        null,
        null,
        null,
        null,
        1,
        null,
        1,
        1,
        null,
        1,
        null,
        null,
        null,
        null,
        null,
        null,
        1,
        null,
        null
      ],
      "/Users/lucasdevelopment/turing/3module/new_project_api_spike/config/boot.rb": [
        1,
        null,
        1
      ],
      "/Users/lucasdevelopment/turing/3module/new_project_api_spike/config/environments/test.rb": [
        1,
        null,
        null,
        null,
        null,
        null,
        null,
        1,
        null,
        null,
        null,
        null,
        1,
        null,
        null,
        1,
        1,
        null,
        null,
        null,
        null,
        1,
        1,
        null,
        null,
        1,
        null,
        null,
        1,
        1,
        null,
        null,
        null,
        null,
        1,
        null,
        null,
        1,
        null,
        null,
        null,
        null
      ],
      "/Users/lucasdevelopment/turing/3module/new_project_api_spike/config/initializers/application_controller_renderer.rb": [
        null,
        null,
        null,
        null,
        null,
        null,
        null,
        null
      ],
      "/Users/lucasdevelopment/turing/3module/new_project_api_spike/config/initializers/assets.rb": [
        null,
        null,
        null,
        1,
        null,
        null,
        null,
        null,
        1,
        null,
        null,
        null,
        null,
        null
      ],
      "/Users/lucasdevelopment/turing/3module/new_project_api_spike/config/initializers/backtrace_silencers.rb": [
        null,
        null,
        null,
        null,
        null,
        null,
        null
      ],
      "/Users/lucasdevelopment/turing/3module/new_project_api_spike/config/initializers/cookies_serializer.rb": [
        null,
        null,
        null,
        null,
        1
      ],
      "/Users/lucasdevelopment/turing/3module/new_project_api_spike/config/initializers/filter_parameter_logging.rb": [
        null,
        null,
        null,
        1
      ],
      "/Users/lucasdevelopment/turing/3module/new_project_api_spike/config/initializers/inflections.rb": [
        null,
        null,
        null,
        null,
        null,
        null,
        null,
        null,
        null,
        null,
        null,
        null,
        null,
        null,
        null,
        null
      ],
      "/Users/lucasdevelopment/turing/3module/new_project_api_spike/config/initializers/mime_types.rb": [
        null,
        null,
        null,
        null
      ],
      "/Users/lucasdevelopment/turing/3module/new_project_api_spike/config/initializers/omniauth.rb": [
        1,
        1,
        null
      ],
      "/Users/lucasdevelopment/turing/3module/new_project_api_spike/config/initializers/wrap_parameters.rb": [
        null,
        null,
        null,
        null,
        null,
        null,
        1,
        2,
        null,
        null,
        null,
        null,
        null,
        null
      ],
      "/Users/lucasdevelopment/turing/3module/new_project_api_spike/config/routes.rb": [
        1,
        null,
        1,
        1,
        1,
        null
      ],
      "/Users/lucasdevelopment/turing/3module/new_project_api_spike/app/helpers/application_helper.rb": [
        1,
        null
      ],
      "/Users/lucasdevelopment/turing/3module/new_project_api_spike/spec/factories.rb": [
        1,
        1,
        4,
        4,
        4,
        4,
        null,
        null,
        1,
        1,
        1,
        1,
        null,
        null
      ],
      "/Users/lucasdevelopment/turing/3module/new_project_api_spike/app/models/user.rb": [
        1,
        1,
        1,
        1,
        1,
        1,
        1,
        null,
        null,
        null
      ],
      "/Users/lucasdevelopment/turing/3module/new_project_api_spike/app/models/application_record.rb": [
        1,
        1,
        null
      ],
      "/Users/lucasdevelopment/turing/3module/new_project_api_spike/app/models/git_hub_user.rb": [
        1,
        1,
        null,
        1,
        2,
        2,
        2,
        null,
        null,
        1,
        1,
        null,
        null,
        1,
        1,
        1,
        null,
        null,
        1,
        1,
        1,
        1,
        1,
        2,
        null,
        1,
        null,
        null,
        1,
        1,
        1,
        1,
        1,
        1,
        null,
        1,
        null,
        null,
        1,
        1,
        1,
        1,
        1,
        30,
        30,
        null,
        1,
        null,
        null,
        null,
        null,
        null,
        null,
        null,
        1,
        1,
        1,
        1,
        1,
        0,
        0,
        null,
        1,
        null,
        null,
        1,
        1,
        1,
        1,
        1,
        30,
        30,
        null,
        1,
        null,
        null,
        1,
        null,
        1,
        13,
        13,
        13,
        null,
        13,
        null,
        null,
        1,
        7,
        null,
        null
      ]
    },
    "timestamp": 1534977698
  }
}
